Added Component: Designator=C1(0603C)
Added Component: Designator=C2(0603C)
Added Component: Designator=C3(0603C)
Added Component: Designator=C4(0603C)
Added Component: Designator=C5(0603C)
Added Component: Designator=C6(0603C)
Added Component: Designator=C7(0603C)
Added Component: Designator=C8(0603C)
Added Component: Designator=C9(0603C)
Added Component: Designator=C10(0603C)
Added Component: Designator=D1(LED-0805R)
Added Component: Designator=D2(SOD-123)
Added Component: Designator=D3(SOD-123)
Added Component: Designator=D4(LED-0805B)
Added Component: Designator=D5(SOD-123)
Added Component: Designator=D6(LED-0805Y)
Added Component: Designator=D7(SOD-123)
Added Component: Designator=D8(SOD-123)
Added Component: Designator=D9(SOD-123)
Added Component: Designator=D10(SOD-123)
Added Component: Designator=D11(SOD-123)
Added Component: Designator=F1(FUSE-0805)
Added Component: Designator=J1(Pin HDR1X5/2.54mm-S-SMD)
Added Component: Designator=J2(Pin HDR1X5/2.54mm-S-SMD)
Added Component: Designator=J3(Pin HDR1X2/2.54mm-S)
Added Component: Designator=K1(SW-SMD_L4.0-W2.9-P4.15-EH)
Added Component: Designator=R1(0603R)
Added Component: Designator=R2(0603R)
Added Component: Designator=R3(0603R)
Added Component: Designator=R4(0603R)
Added Component: Designator=R5(0603R)
Added Component: Designator=R6(0603R)
Added Component: Designator=R7(0603R)
Added Component: Designator=R8(0603R)
Added Component: Designator=R9(0603R)
Added Component: Designator=R?(RES-ARRAY-SMD_0603-8P-L3.2-W1.6-BL)
Added Component: Designator=R?(RES-ARRAY-SMD_0603-8P-L3.2-W1.6-BL)
Added Component: Designator=R?(RES-ARRAY-SMD_0603-8P-L3.2-W1.6-BL)
Added Component: Designator=R?(RES-ARRAY-SMD_0603-8P-L3.2-W1.6-BL)
Added Component: Designator=U1(CYP-LTX56-5200X4500TP_M)
Add component (AddParameter): Name = "Code_JEDEC"; Value = "MO-220"; VariantName = "[No Variations]"
Add component (AddParameter): Name = "ComponentLink1Description"; Value = "Manufacturer URL"; VariantName = "[No Variations]"
Add component (AddParameter): Name = "ComponentLink1URL"; Value = "http://www.cypress.com/"; VariantName = "[No Variations]"
Add component (AddParameter): Name = "ComponentLink2Description"; Value = "Datasheet"; VariantName = "[No Variations]"
Add component (AddParameter): Name = "ComponentLink2URL"; Value = "http://www.cypress.com/?docID=45142"; VariantName = "[No Variations]"
Add component (AddParameter): Name = "ComponentLink3Description"; Value = "Package Specification"; VariantName = "[No Variations]"
Add component (AddParameter): Name = "ComponentLink3URL"; Value = "http://www.cypress.com/?docID=47572"; VariantName = "[No Variations]"
Add component (AddParameter): Name = "CPU Core"; Value = "Enhanced 8051"; VariantName = "[No Variations]"
Add component (AddParameter): Name = "DatasheetVersion"; Value = "Rev. *W"; VariantName = "[No Variations]"
Add component (AddParameter): Name = "Manufacturer"; Value = "Cypress"; VariantName = "[No Variations]"
Add component (AddParameter): Name = "Max. Operating Temp. (degreesC)"; Value = "70"; VariantName = "[No Variations]"
Add component (AddParameter): Name = "Max. Operating Voltage (V)"; Value = "3.6"; VariantName = "[No Variations]"
Add component (AddParameter): Name = "Memory Architecture"; Value = "RAM"; VariantName = "[No Variations]"
Add component (AddParameter): Name = "Memory Size (KB)"; Value = "16"; VariantName = "[No Variations]"
Add component (AddParameter): Name = "Min. Operating Temp. (degreesC)"; Value = "0"; VariantName = "[No Variations]"
Add component (AddParameter): Name = "Min. Operating Voltage (V)"; Value = "3"; VariantName = "[No Variations]"
Add component (AddParameter): Name = "Mounting Technology"; Value = "Surface Mount"; VariantName = "[No Variations]"
Add component (AddParameter): Name = "No. of I/Os"; Value = "24"; VariantName = "[No Variations]"
Add component (AddParameter): Name = "PackageDescription"; Value = "56-Pin Sawn QFN, Body 8 x 8 mm, Pitch 0.5 mm"; VariantName = "[No Variations]"
Add component (AddParameter): Name = "PackageReference"; Value = "LTX56"; VariantName = "[No Variations]"
Add component (AddParameter): Name = "PackageVersion"; Value = "Rev. *D"; VariantName = "[No Variations]"
Add component (AddParameter): Name = "Packing"; Value = "Tray"; VariantName = "[No Variations]"
Add component (AddParameter): Name = "PartNumber"; Value = "CY7C68013A-56LTXC"; VariantName = "[No Variations]"
Add component (AddParameter): Name = "RoHS"; Value = "Pb-Free"; VariantName = "[No Variations]"
Add component (AddParameter): Name = "Supplier 1"; Value = "Digi-Key"; VariantName = "[No Variations]"
Add component (AddParameter): Name = "Supplier 2"; Value = "Newark"; VariantName = "[No Variations]"
Add component (AddParameter): Name = "Supplier 3"; Value = "Mouser"; VariantName = "[No Variations]"
Add component (AddParameter): Name = "Supplier Part Number 1"; Value = "428-2933-ND"; VariantName = "[No Variations]"
Add component (AddParameter): Name = "Supplier Part Number 2"; Value = "50R9455"; VariantName = "[No Variations]"
Add component (AddParameter): Name = "Supplier Part Number 3"; Value = "727-CY7C68013A56LTXC"; VariantName = "[No Variations]"
Added Component: Designator=U2(TSSOP20)
Added Component: Designator=U3(SOP8)
Add component (AddParameter): Name = "BOM_JLCPCB Part Class"; Value = "Extended Part"; VariantName = "[No Variations]"
Add component (AddParameter): Name = "BOM_Manufacturer"; Value = "IDCHIP"; VariantName = "[No Variations]"
Add component (AddParameter): Name = "BOM_Manufacturer Part"; Value = "AT24C02"; VariantName = "[No Variations]"
Add component (AddParameter): Name = "BOM_Supplier"; Value = "LCSC"; VariantName = "[No Variations]"
Add component (AddParameter): Name = "BOM_Supplier Part"; Value = "C688857"; VariantName = "[No Variations]"
Add component (AddParameter): Name = "Contributor"; Value = "LCSC"; VariantName = "[No Variations]"
Add component (AddParameter): Name = "spicePre"; Value = "U"; VariantName = "[No Variations]"
Add component (AddParameter): Name = "spiceSymbolName"; Value = "AT24C02"; VariantName = "[No Variations]"
Added Component: Designator=U4(SOT223)
Added Component: Designator=USB1(USB-C-SMD_TYPE-C16PIN)
Add component (AddParameter): Name = "BOM_JLCPCB Part Class"; Value = "Extended Part"; VariantName = "[No Variations]"
Add component (AddParameter): Name = "BOM_Manufacturer"; Value = "SHOU HAN"; VariantName = "[No Variations]"
Add component (AddParameter): Name = "BOM_Manufacturer Part"; Value = "TYPE-C16PIN"; VariantName = "[No Variations]"
Add component (AddParameter): Name = "BOM_Supplier"; Value = "LCSC"; VariantName = "[No Variations]"
Add component (AddParameter): Name = "BOM_Supplier Part"; Value = "C393939"; VariantName = "[No Variations]"
Add component (AddParameter): Name = "Contributor"; Value = "LCSC"; VariantName = "[No Variations]"
Add component (AddParameter): Name = "spicePre"; Value = "U"; VariantName = "[No Variations]"
Add component (AddParameter): Name = "spiceSymbolName"; Value = "TYPE-C16PIN"; VariantName = "[No Variations]"
Added Component: Designator=X1(OSC 3225-4P)
Added Pin To Net: NetName=3V3 Pin=C1-1
Added Pin To Net: NetName=3V3 Pin=C2-1
Added Pin To Net: NetName=3V3 Pin=C3-1
Added Pin To Net: NetName=3V3 Pin=C4-1
Added Pin To Net: NetName=3V3 Pin=C7-1
Added Pin To Net: NetName=3V3 Pin=C10-2
Added Pin To Net: NetName=3V3 Pin=D2-K
Added Pin To Net: NetName=3V3 Pin=D3-K
Added Pin To Net: NetName=3V3 Pin=D5-K
Added Pin To Net: NetName=3V3 Pin=D7-K
Added Pin To Net: NetName=3V3 Pin=D8-K
Added Pin To Net: NetName=3V3 Pin=D9-K
Added Pin To Net: NetName=3V3 Pin=D10-K
Added Pin To Net: NetName=3V3 Pin=D11-K
Added Pin To Net: NetName=3V3 Pin=R1-2
Added Pin To Net: NetName=3V3 Pin=R2-2
Added Pin To Net: NetName=3V3 Pin=R3-2
Added Pin To Net: NetName=3V3 Pin=R4-2
Added Pin To Net: NetName=3V3 Pin=R5-1
Added Pin To Net: NetName=3V3 Pin=R?-5
Added Pin To Net: NetName=3V3 Pin=R?-5
Added Pin To Net: NetName=3V3 Pin=R?-6
Added Pin To Net: NetName=3V3 Pin=R?-6
Added Pin To Net: NetName=3V3 Pin=R?-7
Added Pin To Net: NetName=3V3 Pin=R?-7
Added Pin To Net: NetName=3V3 Pin=R?-8
Added Pin To Net: NetName=3V3 Pin=R?-8
Added Pin To Net: NetName=3V3 Pin=U1-3
Added Pin To Net: NetName=3V3 Pin=U1-7
Added Pin To Net: NetName=3V3 Pin=U1-11
Added Pin To Net: NetName=3V3 Pin=U1-17
Added Pin To Net: NetName=3V3 Pin=U1-27
Added Pin To Net: NetName=3V3 Pin=U1-32
Added Pin To Net: NetName=3V3 Pin=U1-43
Added Pin To Net: NetName=3V3 Pin=U1-55
Added Pin To Net: NetName=3V3 Pin=U2-20
Added Pin To Net: NetName=3V3 Pin=U3-8
Added Pin To Net: NetName=3V3 Pin=U4-2
Added Pin To Net: NetName=3V3 Pin=U4-2
Added Net: Name=3V3
Added Pin To Net: NetName=GND Pin=C1-2
Added Pin To Net: NetName=GND Pin=C2-2
Added Pin To Net: NetName=GND Pin=C3-2
Added Pin To Net: NetName=GND Pin=C4-2
Added Pin To Net: NetName=GND Pin=C5-1
Added Pin To Net: NetName=GND Pin=C6-1
Added Pin To Net: NetName=GND Pin=C7-2
Added Pin To Net: NetName=GND Pin=C8-1
Added Pin To Net: NetName=GND Pin=C9-1
Added Pin To Net: NetName=GND Pin=C10-1
Added Pin To Net: NetName=GND Pin=D1-K
Added Pin To Net: NetName=GND Pin=D4-K
Added Pin To Net: NetName=GND Pin=D6-K
Added Pin To Net: NetName=GND Pin=J1-1
Added Pin To Net: NetName=GND Pin=J2-1
Added Pin To Net: NetName=GND Pin=K1-3
Added Pin To Net: NetName=GND Pin=R8-1
Added Pin To Net: NetName=GND Pin=R9-1
Added Pin To Net: NetName=GND Pin=U1-6
Added Pin To Net: NetName=GND Pin=U1-10
Added Pin To Net: NetName=GND Pin=U1-12
Added Pin To Net: NetName=GND Pin=U1-14
Added Pin To Net: NetName=GND Pin=U1-26
Added Pin To Net: NetName=GND Pin=U1-28
Added Pin To Net: NetName=GND Pin=U1-41
Added Pin To Net: NetName=GND Pin=U1-53
Added Pin To Net: NetName=GND Pin=U1-56
Added Pin To Net: NetName=GND Pin=U2-1
Added Pin To Net: NetName=GND Pin=U2-10
Added Pin To Net: NetName=GND Pin=U2-19
Added Pin To Net: NetName=GND Pin=U3-1
Added Pin To Net: NetName=GND Pin=U3-2
Added Pin To Net: NetName=GND Pin=U3-3
Added Pin To Net: NetName=GND Pin=U3-4
Added Pin To Net: NetName=GND Pin=U3-7
Added Pin To Net: NetName=GND Pin=U4-1
Added Pin To Net: NetName=GND Pin=USB1-1
Added Pin To Net: NetName=GND Pin=USB1-2
Added Pin To Net: NetName=GND Pin=USB1-3
Added Pin To Net: NetName=GND Pin=USB1-4
Added Pin To Net: NetName=GND Pin=USB1-A1B12
Added Pin To Net: NetName=GND Pin=USB1-B1A12
Added Pin To Net: NetName=GND Pin=X1-2
Added Pin To Net: NetName=GND Pin=X1-4
Added Net: Name=GND
Added Pin To Net: NetName=I2C_SCL Pin=J3-1
Added Pin To Net: NetName=I2C_SCL Pin=R2-1
Added Pin To Net: NetName=I2C_SCL Pin=U1-15
Added Pin To Net: NetName=I2C_SCL Pin=U3-6
Added Net: Name=I2C_SCL
Added Pin To Net: NetName=I2C_SDA Pin=J3-2
Added Pin To Net: NetName=I2C_SDA Pin=R1-1
Added Pin To Net: NetName=I2C_SDA Pin=U1-16
Added Pin To Net: NetName=I2C_SDA Pin=U3-5
Added Net: Name=I2C_SDA
Added Pin To Net: NetName=IN0 Pin=D2-A
Added Pin To Net: NetName=IN0 Pin=R?-1
Added Pin To Net: NetName=IN0 Pin=R?-4
Added Pin To Net: NetName=IN0 Pin=U2-18
Added Net: Name=IN0
Added Pin To Net: NetName=IN1 Pin=D3-A
Added Pin To Net: NetName=IN1 Pin=R?-2
Added Pin To Net: NetName=IN1 Pin=R?-3
Added Pin To Net: NetName=IN1 Pin=U2-17
Added Net: Name=IN1
Added Pin To Net: NetName=IN2 Pin=D5-A
Added Pin To Net: NetName=IN2 Pin=R?-2
Added Pin To Net: NetName=IN2 Pin=R?-3
Added Pin To Net: NetName=IN2 Pin=U2-16
Added Net: Name=IN2
Added Pin To Net: NetName=IN3 Pin=D7-A
Added Pin To Net: NetName=IN3 Pin=R?-1
Added Pin To Net: NetName=IN3 Pin=R?-4
Added Pin To Net: NetName=IN3 Pin=U2-15
Added Net: Name=IN3
Added Pin To Net: NetName=IN4 Pin=D8-A
Added Pin To Net: NetName=IN4 Pin=R?-1
Added Pin To Net: NetName=IN4 Pin=R?-4
Added Pin To Net: NetName=IN4 Pin=U2-14
Added Net: Name=IN4
Added Pin To Net: NetName=IN5 Pin=D9-A
Added Pin To Net: NetName=IN5 Pin=R?-2
Added Pin To Net: NetName=IN5 Pin=R?-3
Added Pin To Net: NetName=IN5 Pin=U2-13
Added Net: Name=IN5
Added Pin To Net: NetName=IN6 Pin=D10-A
Added Pin To Net: NetName=IN6 Pin=R?-2
Added Pin To Net: NetName=IN6 Pin=R?-3
Added Pin To Net: NetName=IN6 Pin=U2-12
Added Net: Name=IN6
Added Pin To Net: NetName=IN7 Pin=D11-A
Added Pin To Net: NetName=IN7 Pin=R?-1
Added Pin To Net: NetName=IN7 Pin=R?-4
Added Pin To Net: NetName=IN7 Pin=U2-11
Added Net: Name=IN7
Added Pin To Net: NetName=NetC5_2 Pin=C5-2
Added Pin To Net: NetName=NetC5_2 Pin=U1-4
Added Pin To Net: NetName=NetC5_2 Pin=X1-1
Added Net: Name=NetC5_2
Added Pin To Net: NetName=NetC6_2 Pin=C6-2
Added Pin To Net: NetName=NetC6_2 Pin=U1-5
Added Pin To Net: NetName=NetC6_2 Pin=X1-3
Added Net: Name=NetC6_2
Added Pin To Net: NetName=NetC8_2 Pin=C8-2
Added Pin To Net: NetName=NetC8_2 Pin=K1-1
Added Pin To Net: NetName=NetC8_2 Pin=R3-1
Added Pin To Net: NetName=NetC8_2 Pin=U1-42
Added Net: Name=NetC8_2
Added Pin To Net: NetName=NetC9_2 Pin=C9-2
Added Pin To Net: NetName=NetC9_2 Pin=F1-2
Added Pin To Net: NetName=NetC9_2 Pin=U4-3
Added Net: Name=NetC9_2
Added Pin To Net: NetName=NetD1_A Pin=D1-A
Added Pin To Net: NetName=NetD1_A Pin=R5-2
Added Net: Name=NetD1_A
Added Pin To Net: NetName=NetD4_A Pin=D4-A
Added Pin To Net: NetName=NetD4_A Pin=R6-2
Added Net: Name=NetD4_A
Added Pin To Net: NetName=NetD6_A Pin=D6-A
Added Pin To Net: NetName=NetD6_A Pin=R7-2
Added Net: Name=NetD6_A
Added Pin To Net: NetName=NetJ1_2 Pin=J1-2
Added Pin To Net: NetName=NetJ1_2 Pin=R?-8
Added Net: Name=NetJ1_2
Added Pin To Net: NetName=NetJ1_3 Pin=J1-3
Added Pin To Net: NetName=NetJ1_3 Pin=R?-7
Added Net: Name=NetJ1_3
Added Pin To Net: NetName=NetJ1_4 Pin=J1-4
Added Pin To Net: NetName=NetJ1_4 Pin=R?-6
Added Net: Name=NetJ1_4
Added Pin To Net: NetName=NetJ1_5 Pin=J1-5
Added Pin To Net: NetName=NetJ1_5 Pin=R?-5
Added Net: Name=NetJ1_5
Added Pin To Net: NetName=NetJ2_2 Pin=J2-2
Added Pin To Net: NetName=NetJ2_2 Pin=R?-8
Added Net: Name=NetJ2_2
Added Pin To Net: NetName=NetJ2_3 Pin=J2-3
Added Pin To Net: NetName=NetJ2_3 Pin=R?-7
Added Net: Name=NetJ2_3
Added Pin To Net: NetName=NetJ2_4 Pin=J2-4
Added Pin To Net: NetName=NetJ2_4 Pin=R?-6
Added Net: Name=NetJ2_4
Added Pin To Net: NetName=NetJ2_5 Pin=J2-5
Added Pin To Net: NetName=NetJ2_5 Pin=R?-5
Added Net: Name=NetJ2_5
Added Pin To Net: NetName=NetR4_1 Pin=R4-1
Added Pin To Net: NetName=NetR4_1 Pin=U1-44
Added Net: Name=NetR4_1
Added Pin To Net: NetName=NetR8_2 Pin=R8-2
Added Pin To Net: NetName=NetR8_2 Pin=USB1-B5
Added Net: Name=NetR8_2
Added Pin To Net: NetName=NetR9_2 Pin=R9-2
Added Pin To Net: NetName=NetR9_2 Pin=USB1-A5
Added Net: Name=NetR9_2
Added Pin To Net: NetName=NetU1_18 Pin=U1-18
Added Pin To Net: NetName=NetU1_18 Pin=U2-2
Added Net: Name=NetU1_18
Added Pin To Net: NetName=NetU1_19 Pin=U1-19
Added Pin To Net: NetName=NetU1_19 Pin=U2-3
Added Net: Name=NetU1_19
Added Pin To Net: NetName=NetU1_20 Pin=U1-20
Added Pin To Net: NetName=NetU1_20 Pin=U2-4
Added Net: Name=NetU1_20
Added Pin To Net: NetName=NetU1_21 Pin=U1-21
Added Pin To Net: NetName=NetU1_21 Pin=U2-5
Added Net: Name=NetU1_21
Added Pin To Net: NetName=NetU1_22 Pin=U1-22
Added Pin To Net: NetName=NetU1_22 Pin=U2-6
Added Net: Name=NetU1_22
Added Pin To Net: NetName=NetU1_23 Pin=U1-23
Added Pin To Net: NetName=NetU1_23 Pin=U2-7
Added Net: Name=NetU1_23
Added Pin To Net: NetName=NetU1_24 Pin=U1-24
Added Pin To Net: NetName=NetU1_24 Pin=U2-8
Added Net: Name=NetU1_24
Added Pin To Net: NetName=NetU1_25 Pin=U1-25
Added Pin To Net: NetName=NetU1_25 Pin=U2-9
Added Net: Name=NetU1_25
Added Pin To Net: NetName=PA0 Pin=R6-1
Added Pin To Net: NetName=PA0 Pin=U1-33
Added Net: Name=PA0
Added Pin To Net: NetName=PA1 Pin=R7-1
Added Pin To Net: NetName=PA1 Pin=U1-34
Added Net: Name=PA1
Added Pin To Net: NetName=USB_N Pin=U1-9
Added Pin To Net: NetName=USB_N Pin=USB1-A7
Added Pin To Net: NetName=USB_N Pin=USB1-B7
Added Net: Name=USB_N
Added Pin To Net: NetName=USB_P Pin=U1-8
Added Pin To Net: NetName=USB_P Pin=USB1-A6
Added Pin To Net: NetName=USB_P Pin=USB1-B6
Added Net: Name=USB_P
Added Pin To Net: NetName=VBUS Pin=F1-1
Added Pin To Net: NetName=VBUS Pin=USB1-A4B9
Added Pin To Net: NetName=VBUS Pin=USB1-B4A9
Added Net: Name=VBUS
Added Class: Name=Logic_Analyzer
